[debug] [2024-08-13T07:38:17.605Z] ----------------------------------------------------------------------
[debug] [2024-08-13T07:38:17.609Z] Command:       /home/hello/.nvm/versions/node/v22.3.0/bin/node /home/hello/.nvm/versions/node/v22.3.0/bin/firebase init
[debug] [2024-08-13T07:38:17.610Z] CLI Version:   13.15.1
[debug] [2024-08-13T07:38:17.610Z] Platform:      linux
[debug] [2024-08-13T07:38:17.610Z] Node Version:  v22.3.0
[debug] [2024-08-13T07:38:17.611Z] Time:          Tue Aug 13 2024 13:38:17 GMT+0600 (Kyrgyzstan Time)
[debug] [2024-08-13T07:38:17.611Z] ----------------------------------------------------------------------
[debug] 
[debug] [2024-08-13T07:38:17.622Z] > command requires scopes: ["email","openid","https://www.googleapis.com/auth/cloudplatformprojects.readonly","https://www.googleapis.com/auth/firebase","https://www.googleapis.com/auth/cloud-platform"]
[debug] [2024-08-13T07:38:17.622Z] > authorizing via signed-in user (tsstark225@gmail.com)
[info] 
     ######## #### ########  ######## ########     ###     ######  ########
     ##        ##  ##     ## ##       ##     ##  ##   ##  ##       ##
     ######    ##  ########  ######   ########  #########  ######  ######
     ##        ##  ##    ##  ##       ##     ## ##     ##       ## ##
     ##       #### ##     ## ######## ########  ##     ##  ######  ########

You're about to initialize a Firebase project in this directory:

  /home/hello/Desktop/tour

[info] 
=== Project Setup
[info] 
[info] First, let's associate this project directory with a Firebase project.
[info] You can create multiple project aliases by running firebase use --add, 
[info] but for now we'll just set up a default project.
[info] 
[info] i  If you want to create a project in a Google Cloud organization or folder, please use "firebase projects:create" instead, and return to this command when you've created the project. 
[debug] [2024-08-13T07:39:17.502Z] >>> [apiv2][query] POST https://cloudresourcemanager.googleapis.com/v1/projects [none]
[debug] [2024-08-13T07:39:17.503Z] >>> [apiv2][body] POST https://cloudresourcemanager.googleapis.com/v1/projects {"projectId":"tour-app","name":"kyrgyz_tour"}
[debug] [2024-08-13T07:39:17.602Z] *** [apiv2] error from fetch(https://cloudresourcemanager.googleapis.com/v1/projects, {"headers":{},"method":"POST","signal":{},"body":"{\"projectId\":\"tour-app\",\"name\":\"kyrgyz_tour\"}"}): FetchError: request to https://cloudresourcemanager.googleapis.com/v1/projects failed, reason: getaddrinfo EAI_AGAIN cloudresourcemanager.googleapis.com
[debug] [2024-08-13T07:39:17.613Z] FirebaseError: Failed to make request to https://cloudresourcemanager.googleapis.com/v1/projects
    at RetryOperation._fn (/home/hello/.nvm/versions/node/v22.3.0/lib/node_modules/firebase-tools/lib/apiv2.js:259:31)
    at process.processTicksAndRejections (node:internal/process/task_queues:95:5)
[error] 
[error] Error: Failed to create project. See firebase-debug.log for more info.
[debug] [2024-08-13T07:41:25.063Z] ----------------------------------------------------------------------
[debug] [2024-08-13T07:41:25.067Z] Command:       /home/hello/.nvm/versions/node/v22.3.0/bin/node /home/hello/.nvm/versions/node/v22.3.0/bin/firebase init
[debug] [2024-08-13T07:41:25.067Z] CLI Version:   13.15.1
[debug] [2024-08-13T07:41:25.068Z] Platform:      linux
[debug] [2024-08-13T07:41:25.068Z] Node Version:  v22.3.0
[debug] [2024-08-13T07:41:25.068Z] Time:          Tue Aug 13 2024 13:41:25 GMT+0600 (Kyrgyzstan Time)
[debug] [2024-08-13T07:41:25.069Z] ----------------------------------------------------------------------
[debug] 
[debug] [2024-08-13T07:41:25.079Z] > command requires scopes: ["email","openid","https://www.googleapis.com/auth/cloudplatformprojects.readonly","https://www.googleapis.com/auth/firebase","https://www.googleapis.com/auth/cloud-platform"]
[debug] [2024-08-13T07:41:25.080Z] > authorizing via signed-in user (tsstark225@gmail.com)
[info] 
     ######## #### ########  ######## ########     ###     ######  ########
     ##        ##  ##     ## ##       ##     ##  ##   ##  ##       ##
     ######    ##  ########  ######   ########  #########  ######  ######
     ##        ##  ##    ##  ##       ##     ## ##     ##       ## ##
     ##       #### ##     ## ######## ########  ##     ##  ######  ########

You're about to initialize a Firebase project in this directory:

  /home/hello/Desktop/tour

[info] 
=== Project Setup
[info] 
[info] First, let's associate this project directory with a Firebase project.
[info] You can create multiple project aliases by running firebase use --add, 
[info] but for now we'll just set up a default project.
[info] 
[info] i  If you want to create a project in a Google Cloud organization or folder, please use "firebase projects:create" instead, and return to this command when you've created the project. 
[debug] [2024-08-13T07:41:50.689Z] >>> [apiv2][query] POST https://cloudresourcemanager.googleapis.com/v1/projects [none]
[debug] [2024-08-13T07:41:50.690Z] >>> [apiv2][body] POST https://cloudresourcemanager.googleapis.com/v1/projects {"projectId":"my_proj","name":"tour_app"}
[debug] [2024-08-13T07:41:51.922Z] <<< [apiv2][status] POST https://cloudresourcemanager.googleapis.com/v1/projects 400
[debug] [2024-08-13T07:41:51.922Z] <<< [apiv2][body] POST https://cloudresourcemanager.googleapis.com/v1/projects {"error":{"code":400,"message":"Request contains an invalid argument.","status":"INVALID_ARGUMENT","details":[{"@type":"type.googleapis.com/google.rpc.BadRequest","fieldViolations":[{"field":"project_id","description":"project_id contains invalid characters"},{"field":"display_name","description":"project display name contains invalid characters"}]},{"@type":"type.googleapis.com/google.rpc.Help","links":[{"url":"https://cloud.google.com/resource-manager/reference/rest/v1/projects"}]}]}}
[debug] [2024-08-13T07:41:52.636Z] FirebaseError: HTTP Error: 400, Request contains an invalid argument.
    at responseToError (/home/hello/.nvm/versions/node/v22.3.0/lib/node_modules/firebase-tools/lib/responseToError.js:49:12)
    at RetryOperation._fn (/home/hello/.nvm/versions/node/v22.3.0/lib/node_modules/firebase-tools/lib/apiv2.js:305:77)
    at process.processTicksAndRejections (node:internal/process/task_queues:95:5)
[error] 
[error] Error: Failed to create project. See firebase-debug.log for more info.
